\BOOKMARK [1][-]{table.caption.1}{Table of Contents}{}% 1
\BOOKMARK [1][-]{section*.2}{List of Figures}{}% 2
\BOOKMARK [1][-]{section.1}{Introduction}{}% 3
\BOOKMARK [2][-]{subsection.1.1}{Purpose}{section.1}% 4
\BOOKMARK [2][-]{subsection.1.2}{Scope}{section.1}% 5
\BOOKMARK [2][-]{subsection.1.3}{Definitions, Acronyms, Abbreviations}{section.1}% 6
\BOOKMARK [3][-]{subsubsection.1.3.1}{Definitions}{subsection.1.3}% 7
\BOOKMARK [3][-]{subsubsection.1.3.2}{Acronyms}{subsection.1.3}% 8
\BOOKMARK [3][-]{subsubsection.1.3.3}{Abbreviations}{subsection.1.3}% 9
\BOOKMARK [2][-]{subsection.1.4}{Revision history}{section.1}% 10
\BOOKMARK [2][-]{subsection.1.5}{Reference Documents}{section.1}% 11
\BOOKMARK [2][-]{subsection.1.6}{Document Structure}{section.1}% 12
\BOOKMARK [1][-]{section.2}{Architectural Design}{}% 13
\BOOKMARK [2][-]{subsection.2.1}{Overview}{section.2}% 14
\BOOKMARK [2][-]{subsection.2.2}{Component view}{section.2}% 15
\BOOKMARK [2][-]{subsection.2.3}{Deployment view}{section.2}% 16
\BOOKMARK [2][-]{subsection.2.4}{Runtime view}{section.2}% 17
\BOOKMARK [3][-]{subsubsection.2.4.1}{User Access}{subsection.2.4}% 18
\BOOKMARK [3][-]{subsubsection.2.4.2}{Authority Access}{subsection.2.4}% 19
\BOOKMARK [3][-]{subsubsection.2.4.3}{User Files a report}{subsection.2.4}% 20
\BOOKMARK [3][-]{subsubsection.2.4.4}{Authority Checks a report}{subsection.2.4}% 21
\BOOKMARK [3][-]{subsubsection.2.4.5}{Authority/User reads list of violations}{subsection.2.4}% 22
\BOOKMARK [2][-]{subsection.2.5}{Component interfaces}{section.2}% 23
\BOOKMARK [2][-]{subsection.2.6}{Selected architectural styles and patterns}{section.2}% 24
\BOOKMARK [3][-]{subsubsection.2.6.1}{Three tier client-server}{subsection.2.6}% 25
\BOOKMARK [3][-]{subsubsection.2.6.2}{MVC}{subsection.2.6}% 26
\BOOKMARK [2][-]{subsection.2.7}{Other Design Decisions}{section.2}% 27
\BOOKMARK [3][-]{subsubsection.2.7.1}{Thin client}{subsection.2.7}% 28
\BOOKMARK [3][-]{subsubsection.2.7.2}{Data division}{subsection.2.7}% 29
\BOOKMARK [1][-]{section.3}{User Interface Design}{}% 30
\BOOKMARK [1][-]{section.4}{Requirements Traceability}{}% 31
\BOOKMARK [1][-]{section.5}{Implementation, Integration and Test Plan}{}% 32
\BOOKMARK [1][-]{section.6}{Effort Spent}{}% 33
\BOOKMARK [1][-]{section.6}{References}{}% 34
