\BOOKMARK [1][-]{table.caption.1}{Table of Contents}{}% 1
\BOOKMARK [1][-]{section*.2}{List of Figures}{}% 2
\BOOKMARK [1][-]{section.1}{Introduction}{}% 3
\BOOKMARK [2][-]{subsection.1.1}{Purpose}{section.1}% 4
\BOOKMARK [2][-]{subsection.1.2}{Goals}{section.1}% 5
\BOOKMARK [2][-]{subsection.1.3}{Scope}{section.1}% 6
\BOOKMARK [3][-]{subsubsection.1.3.1}{World Phenomena}{subsection.1.3}% 7
\BOOKMARK [3][-]{subsubsection.1.3.2}{Machine Phenomena}{subsection.1.3}% 8
\BOOKMARK [3][-]{subsubsection.1.3.3}{Shared Phenomena}{subsection.1.3}% 9
\BOOKMARK [2][-]{subsection.1.4}{Definitions, Acronyms, Abbreviations}{section.1}% 10
\BOOKMARK [3][-]{subsubsection.1.4.1}{Definitions}{subsection.1.4}% 11
\BOOKMARK [3][-]{subsubsection.1.4.2}{Acronyms}{subsection.1.4}% 12
\BOOKMARK [3][-]{subsubsection.1.4.3}{Abbreviation}{subsection.1.4}% 13
\BOOKMARK [2][-]{subsection.1.5}{Reference Documents}{section.1}% 14
\BOOKMARK [2][-]{subsection.1.6}{Document Structure}{section.1}% 15
\BOOKMARK [1][-]{section.2}{Overall Description}{}% 16
\BOOKMARK [2][-]{subsection.2.1}{Product Perspective}{section.2}% 17
\BOOKMARK [2][-]{subsection.2.2}{Product Functions}{section.2}% 18
\BOOKMARK [3][-]{subsubsection.2.2.1}{Data management}{subsection.2.2}% 19
\BOOKMARK [3][-]{subsubsection.2.2.2}{Data Requests}{subsection.2.2}% 20
\BOOKMARK [2][-]{subsection.2.3}{Users characteristics}{section.2}% 21
\BOOKMARK [2][-]{subsection.2.4}{Assumptions, dependencies and constraints}{section.2}% 22
\BOOKMARK [3][-]{subsubsection.2.4.1}{Assumptions}{subsection.2.4}% 23
\BOOKMARK [3][-]{subsubsection.2.4.2}{Dependencies}{subsection.2.4}% 24
\BOOKMARK [3][-]{subsubsection.2.4.3}{Constraints}{subsection.2.4}% 25
\BOOKMARK [1][-]{section.3}{Specific Requirements}{}% 26
\BOOKMARK [2][-]{subsection.3.1}{Specific Requirements}{section.3}% 27
\BOOKMARK [3][-]{subsubsection.3.1.1}{External Interface Requirements}{subsection.3.1}% 28
\BOOKMARK [3][-]{subsubsection.3.1.2}{Hardware Interfaces}{subsection.3.1}% 29
\BOOKMARK [3][-]{subsubsection.3.1.3}{Software Interfaces}{subsection.3.1}% 30
\BOOKMARK [3][-]{subsubsection.3.1.4}{Communication Interfaces}{subsection.3.1}% 31
\BOOKMARK [2][-]{subsection.3.2}{Functional Requirements}{section.3}% 32
\BOOKMARK [1][-]{section.4}{Formal Analysis Using Alloy}{}% 33
\BOOKMARK [1][-]{section.5}{Effort Spent}{}% 34
